<?xml version="1.0" encoding="UTF-8"?>
<testsuite xmlns:xsi="http://www.w3.org/2001/XMLSchema-instance" xsi:noNamespaceSchemaLocation="https://maven.apache.org/surefire/maven-surefire-plugin/xsd/surefire-test-report-3.0.xsd" version="3.0" name="com.barrial.Service.IntercambioServiceTest" time="0.97" tests="7" errors="0" skipped="0" failures="0">
  <properties>
[...]
</properties>
  <testcase name="dado_un_DTO_cuando_se_transforma_a_Entity_entonces_retorna_true" classname="com.barrial.Service.IntercambioServiceTest" time="0.039">
    <system-out><![CDATA[ESTA ES LA ENTITY DE BD: Intercambio{id=0, nombre='Libro', descripcion='Buen estado', imagen='img.jpg', objetoTrueque='Calculadora', estado='Objeto en trueque'}
]]></system-out>
  </testcase>
  <testcase name="dado_lista_vacia_mockeada_cuando_se_obtienen_intercambios_entonces_lista_vacia" classname="com.barrial.Service.IntercambioServiceTest" time="0.892">
    <system-err><![CDATA[WARNING: A Java agent has been loaded dynamically (C:\Users\Juan Naranjo\.m2\repository\net\bytebuddy\byte-buddy-agent\1.10.10\byte-buddy-agent-1.10.10.jar)
WARNING: If a serviceability tool is in use, please run with -XX:+EnableDynamicAgentLoading to hide this warning
WARNING: If a serviceability tool is not in use, please run with -Djdk.instrument.traceUsage for more information
WARNING: Dynamic loading of agents will be disallowed by default in a future release
]]></system-err>
  </testcase>
  <testcase name="dado_nombre_con_caracteres_especiales_cuando_se_verifica_entonces_retorna_false" classname="com.barrial.Service.IntercambioServiceTest" time="0.004"/>
  <testcase name="dado_campo_vacio_cuando_se_valida_entonces_retorna_false" classname="com.barrial.Service.IntercambioServiceTest" time="0.002"/>
  <testcase name="dado_campos_completos_cuando_se_validan_entonces_retorna_true" classname="com.barrial.Service.IntercambioServiceTest" time="0.001"/>
  <testcase name="dado_una_imagen_con_formato_valido_cuando_se_verifica_entonces_retorna_true" classname="com.barrial.Service.IntercambioServiceTest" time="0.001"/>
  <testcase name="dada_una_descripcion_muy_larga_cuando_se_verifica_entonces_retorna_false" classname="com.barrial.Service.IntercambioServiceTest" time="0.0"/>
</testsuite>